<?xml version="1.0" encoding="UTF-8" ?>
<testsuite tests="61" failures="0" name="StepDefinition.RunTest" time="40.696" errors="0" skipped="0">
  <properties>
    <property name="java.runtime.name" value="Java(TM) SE Runtime Environment"/>
    <property name="sun.boot.library.path" value="C:\Program Files\Java\jdk1.8.0_202\jre\bin"/>
    <property name="java.vm.version" value="25.202-b08"/>
    <property name="java.vm.vendor" value="Oracle Corporation"/>
    <property name="maven.multiModuleProjectDirectory" value="D:\SaucedemoTesting"/>
    <property name="java.vendor.url" value="http://java.oracle.com/"/>
    <property name="path.separator" value=";"/>
    <property name="guice.disable.misplaced.annotation.check" value="true"/>
    <property name="java.vm.name" value="Java HotSpot(TM) 64-Bit Server VM"/>
    <property name="file.encoding.pkg" value="sun.io"/>
    <property name="user.script" value=""/>
    <property name="user.country" value="US"/>
    <property name="sun.java.launcher" value="SUN_STANDARD"/>
    <property name="sun.os.patch.level" value=""/>
    <property name="java.vm.specification.name" value="Java Virtual Machine Specification"/>
    <property name="user.dir" value="D:\SaucedemoTesting"/>
    <property name="java.runtime.version" value="1.8.0_202-b08"/>
    <property name="java.awt.graphicsenv" value="sun.awt.Win32GraphicsEnvironment"/>
    <property name="java.endorsed.dirs" value="C:\Program Files\Java\jdk1.8.0_202\jre\lib\endorsed"/>
    <property name="os.arch" value="amd64"/>
    <property name="java.io.tmpdir" value="C:\Users\Thinkpad\AppData\Local\Temp\"/>
    <property name="line.separator" value="
"/>
    <property name="java.vm.specification.vendor" value="Oracle Corporation"/>
    <property name="user.variant" value=""/>
    <property name="os.name" value="Windows 10"/>
    <property name="classworlds.conf" value="C:\apache-maven-3.8.6\bin\m2.conf"/>
    <property name="sun.jnu.encoding" value="Cp1252"/>
    <property name="java.library.path" value="C:\Program Files\Java\jdk1.8.0_202\bin;C:\WINDOWS\Sun\Java\bin;C:\WINDOWS\system32;C:\WINDOWS;C:\Program Files (x86)\Common Files\Intel\Shared Libraries\redist\intel64\compiler;C:\Program Files (x86)\Common Files\Oracle\Java\javapath;C:\WINDOWS\system32;C:\WINDOWS;C:\WINDOWS\System32\Wbem;C:\WINDOWS\System32\WindowsPowerShell\v1.0\;C:\WINDOWS\System32\OpenSSH\;C:\Program Files\nodejs\;C:\Program Files\Git\cmd;C:\Program Files\Java\jdk1.8.0_202\bin;C:\apache-maven-3.8.6\bin;C:\Users\Thinkpad\AppData\Local\Microsoft\WindowsApps;;C:\Program Files\JetBrains\IntelliJ IDEA Community Edition 2022.2.4\bin;;."/>
    <property name="maven.conf" value="C:\apache-maven-3.8.6/conf"/>
    <property name="java.specification.name" value="Java Platform API Specification"/>
    <property name="java.class.version" value="52.0"/>
    <property name="sun.management.compiler" value="HotSpot 64-Bit Tiered Compilers"/>
    <property name="os.version" value="10.0"/>
    <property name="library.jansi.path" value="C:\apache-maven-3.8.6\lib\jansi-native"/>
    <property name="user.home" value="C:\Users\Thinkpad"/>
    <property name="user.timezone" value="Asia/Bangkok"/>
    <property name="java.awt.printerjob" value="sun.awt.windows.WPrinterJob"/>
    <property name="java.specification.version" value="1.8"/>
    <property name="file.encoding" value="Cp1252"/>
    <property name="user.name" value="Thinkpad"/>
    <property name="java.class.path" value="C:\apache-maven-3.8.6\boot\plexus-classworlds-2.6.0.jar"/>
    <property name="java.vm.specification.version" value="1.8"/>
    <property name="sun.arch.data.model" value="64"/>
    <property name="java.home" value="C:\Program Files\Java\jdk1.8.0_202\jre"/>
    <property name="sun.java.command" value="org.codehaus.plexus.classworlds.launcher.Launcher clean verify"/>
    <property name="java.specification.vendor" value="Oracle Corporation"/>
    <property name="user.language" value="en"/>
    <property name="awt.toolkit" value="sun.awt.windows.WToolkit"/>
    <property name="java.vm.info" value="mixed mode"/>
    <property name="java.version" value="1.8.0_202"/>
    <property name="java.ext.dirs" value="C:\Program Files\Java\jdk1.8.0_202\jre\lib\ext;C:\WINDOWS\Sun\Java\lib\ext"/>
    <property name="sun.boot.class.path" value="C:\Program Files\Java\jdk1.8.0_202\jre\lib\resources.jar;C:\Program Files\Java\jdk1.8.0_202\jre\lib\rt.jar;C:\Program Files\Java\jdk1.8.0_202\jre\lib\sunrsasign.jar;C:\Program Files\Java\jdk1.8.0_202\jre\lib\jsse.jar;C:\Program Files\Java\jdk1.8.0_202\jre\lib\jce.jar;C:\Program Files\Java\jdk1.8.0_202\jre\lib\charsets.jar;C:\Program Files\Java\jdk1.8.0_202\jre\lib\jfr.jar;C:\Program Files\Java\jdk1.8.0_202\jre\classes"/>
    <property name="sun.stderr.encoding" value="cp437"/>
    <property name="java.vendor" value="Oracle Corporation"/>
    <property name="maven.home" value="C:\apache-maven-3.8.6"/>
    <property name="file.separator" value="\"/>
    <property name="java.vendor.url.bug" value="http://bugreport.sun.com/bugreport/"/>
    <property name="sun.cpu.endian" value="little"/>
    <property name="sun.io.unicode.encoding" value="UnicodeLittle"/>
    <property name="sun.stdout.encoding" value="cp437"/>
    <property name="sun.desktop" value="windows"/>
    <property name="sun.cpu.isalist" value="amd64"/>
  </properties>
  <testcase classname="Scenario: Admin goto venue page" name="Given admin is already on login page" time="0.003"/>
  <testcase classname="Scenario: Admin goto venue page" name="When admin fill email address field with data &quot;admin2@mail.com&quot;" time="0.002"/>
  <testcase classname="Scenario: Admin goto venue page" name="And fill password field with data &quot;qwerty&quot;" time="0"/>
  <testcase classname="Scenario: Admin goto venue page" name="And click login button" time="0.001"/>
  <testcase classname="Scenario: Admin goto venue page" name="Then see modal successfully login" time="0"/>
  <testcase classname="Scenario: Admin goto venue page" name="When click OK button modal" time="0"/>
  <testcase classname="Scenario: Admin goto venue page" name="Given admin is already on home page" time="0"/>
  <testcase classname="Scenario: Admin goto venue page" name="When click venue button" time="0"/>
  <testcase classname="Scenario: Admin goto venue page" name="Scenario: Admin goto venue page" time="5.871"/>
  <testcase classname="Scenario: Admin goto admin page" name="Given admin is already on login page" time="0"/>
  <testcase classname="Scenario: Admin goto admin page" name="When admin fill email address field with data &quot;admin2@mail.com&quot;" time="0"/>
  <testcase classname="Scenario: Admin goto admin page" name="And fill password field with data &quot;qwerty&quot;" time="0"/>
  <testcase classname="Scenario: Admin goto admin page" name="And click login button" time="0"/>
  <testcase classname="Scenario: Admin goto admin page" name="Then see modal successfully login" time="0"/>
  <testcase classname="Scenario: Admin goto admin page" name="When click OK button modal" time="0"/>
  <testcase classname="Scenario: Admin goto admin page" name="Given admin is already on home page" time="0"/>
  <testcase classname="Scenario: Admin goto admin page" name="When click admin button" time="0"/>
  <testcase classname="Scenario: Admin goto admin page" name="Scenario: Admin goto admin page" time="5.867"/>
  <testcase classname="Scenario: Admin goto order history page" name="Given admin is already on login page" time="0"/>
  <testcase classname="Scenario: Admin goto order history page" name="When admin fill email address field with data &quot;admin2@mail.com&quot;" time="0"/>
  <testcase classname="Scenario: Admin goto order history page" name="And fill password field with data &quot;qwerty&quot;" time="0"/>
  <testcase classname="Scenario: Admin goto order history page" name="And click login button" time="0"/>
  <testcase classname="Scenario: Admin goto order history page" name="Then see modal successfully login" time="0"/>
  <testcase classname="Scenario: Admin goto order history page" name="When click OK button modal" time="0"/>
  <testcase classname="Scenario: Admin goto order history page" name="Given admin is already on home page" time="0"/>
  <testcase classname="Scenario: Admin goto order history page" name="When click booking history button" time="0"/>
  <testcase classname="Scenario: Admin goto order history page" name="Scenario: Admin goto order history page" time="5.772"/>
  <testcase classname="Scenario: Admin goto pay venue page" name="Given admin is already on login page" time="0"/>
  <testcase classname="Scenario: Admin goto pay venue page" name="When admin fill email address field with data &quot;admin2@mail.com&quot;" time="0"/>
  <testcase classname="Scenario: Admin goto pay venue page" name="And fill password field with data &quot;qwerty&quot;" time="0"/>
  <testcase classname="Scenario: Admin goto pay venue page" name="And click login button" time="0"/>
  <testcase classname="Scenario: Admin goto pay venue page" name="Then see modal successfully login" time="0"/>
  <testcase classname="Scenario: Admin goto pay venue page" name="When click OK button modal" time="0"/>
  <testcase classname="Scenario: Admin goto pay venue page" name="Given admin is already on home page" time="0"/>
  <testcase classname="Scenario: Admin goto pay venue page" name="When click pay venue button" time="0"/>
  <testcase classname="Scenario: Admin goto pay venue page" name="Scenario: Admin goto pay venue page" time="5.818"/>
  <testcase classname="Scenario: Admin goto schedule page" name="Given admin is already on login page" time="0"/>
  <testcase classname="Scenario: Admin goto schedule page" name="When admin fill email address field with data &quot;admin2@mail.com&quot;" time="0"/>
  <testcase classname="Scenario: Admin goto schedule page" name="And fill password field with data &quot;qwerty&quot;" time="0"/>
  <testcase classname="Scenario: Admin goto schedule page" name="And click login button" time="0"/>
  <testcase classname="Scenario: Admin goto schedule page" name="Then see modal successfully login" time="0"/>
  <testcase classname="Scenario: Admin goto schedule page" name="When click OK button modal" time="0"/>
  <testcase classname="Scenario: Admin goto schedule page" name="Given admin is already on home page" time="0"/>
  <testcase classname="Scenario: Admin goto schedule page" name="When click my schedule button" time="0"/>
  <testcase classname="Scenario: Admin goto schedule page" name="Scenario: Admin goto schedule page" time="5.774"/>
  <testcase classname="Scenario: Admin logout form segoroapp" name="Given admin is already on login page" time="0"/>
  <testcase classname="Scenario: Admin logout form segoroapp" name="When admin fill email address field with data &quot;admin2@mail.com&quot;" time="0"/>
  <testcase classname="Scenario: Admin logout form segoroapp" name="And fill password field with data &quot;qwerty&quot;" time="0"/>
  <testcase classname="Scenario: Admin logout form segoroapp" name="And click login button" time="0"/>
  <testcase classname="Scenario: Admin logout form segoroapp" name="Then see modal successfully login" time="0"/>
  <testcase classname="Scenario: Admin logout form segoroapp" name="When click OK button modal" time="0"/>
  <testcase classname="Scenario: Admin logout form segoroapp" name="Given admin is already on home page" time="0"/>
  <testcase classname="Scenario: Admin logout form segoroapp" name="When click logout button" time="0"/>
  <testcase classname="Scenario: Admin logout form segoroapp" name="Scenario: Admin logout form segoroapp" time="5.849"/>
  <testcase classname="Scenario: Admin success login with valid username and password" name="Given admin is already on login page" time="0"/>
  <testcase classname="Scenario: Admin success login with valid username and password" name="When admin fill email address field with data &quot;admin2@mail.com&quot;" time="0"/>
  <testcase classname="Scenario: Admin success login with valid username and password" name="And fill password field with data &quot;qwerty&quot;" time="0"/>
  <testcase classname="Scenario: Admin success login with valid username and password" name="And click login button" time="0"/>
  <testcase classname="Scenario: Admin success login with valid username and password" name="Then see modal successfully login" time="0"/>
  <testcase classname="Scenario: Admin success login with valid username and password" name="When click OK button modal" time="0"/>
  <testcase classname="Scenario: Admin success login with valid username and password" name="Scenario: Admin success login with valid username and password" time="5.739"/>
</testsuite>